Error: Cannot find module 'serve-index'
    at Function.Module._resolveFilename (module.js:327:15)
    at Function.Module._load (module.js:278:25)
    at Function._load (/usr/local/lib/node_modules/pm2/node_modules/pmx/lib/transaction.js:62:21)
    at Module.require (module.js:355:17)
    at require (internal/module.js:13:17)
    at Object.<anonymous> (/Users/coryjohnson/it410project/static-file-server/index.js:3:20)
    at Module._compile (module.js:399:26)
    at Object.Module._extensions..js (module.js:406:10)
    at Module.load (module.js:345:32)
    at Function.Module._load (module.js:302:12)
Error: Cannot find module 'serve-index'
    at Function.Module._resolveFilename (module.js:327:15)
    at Function.Module._load (module.js:278:25)
    at Function._load (/usr/local/lib/node_modules/pm2/node_modules/pmx/lib/transaction.js:62:21)
    at Module.require (module.js:355:17)
    at require (internal/module.js:13:17)
    at Object.<anonymous> (/Users/coryjohnson/it410project/static-file-server/index.js:3:20)
    at Module._compile (module.js:399:26)
    at Object.Module._extensions..js (module.js:406:10)
    at Module.load (module.js:345:32)
    at Function.Module._load (module.js:302:12)
Error: Cannot find module 'serve-index'
    at Function.Module._resolveFilename (module.js:327:15)
    at Function.Module._load (module.js:278:25)
    at Function._load (/usr/local/lib/node_modules/pm2/node_modules/pmx/lib/transaction.js:62:21)
    at Module.require (module.js:355:17)
    at require (internal/module.js:13:17)
    at Object.<anonymous> (/Users/coryjohnson/it410project/static-file-server/index.js:3:20)
    at Module._compile (module.js:399:26)
    at Object.Module._extensions..js (module.js:406:10)
    at Module.load (module.js:345:32)
    at Function.Module._load (module.js:302:12)
Error: Cannot find module 'serve-index'
    at Function.Module._resolveFilename (module.js:327:15)
    at Function.Module._load (module.js:278:25)
    at Function._load (/usr/local/lib/node_modules/pm2/node_modules/pmx/lib/transaction.js:62:21)
    at Module.require (module.js:355:17)
    at require (internal/module.js:13:17)
    at Object.<anonymous> (/Users/coryjohnson/it410project/static-file-server/index.js:3:20)
    at Module._compile (module.js:399:26)
    at Object.Module._extensions..js (module.js:406:10)
    at Module.load (module.js:345:32)
    at Function.Module._load (module.js:302:12)
Error: Cannot find module 'serve-index'
    at Function.Module._resolveFilename (module.js:327:15)
    at Function.Module._load (module.js:278:25)
    at Function._load (/usr/local/lib/node_modules/pm2/node_modules/pmx/lib/transaction.js:62:21)
    at Module.require (module.js:355:17)
    at require (internal/module.js:13:17)
    at Object.<anonymous> (/Users/coryjohnson/it410project/static-file-server/index.js:3:20)
    at Module._compile (module.js:399:26)
    at Object.Module._extensions..js (module.js:406:10)
    at Module.load (module.js:345:32)
    at Function.Module._load (module.js:302:12)
Error: Cannot find module 'serve-index'
    at Function.Module._resolveFilename (module.js:327:15)
    at Function.Module._load (module.js:278:25)
    at Function._load (/usr/local/lib/node_modules/pm2/node_modules/pmx/lib/transaction.js:62:21)
    at Module.require (module.js:355:17)
    at require (internal/module.js:13:17)
    at Object.<anonymous> (/Users/coryjohnson/it410project/static-file-server/index.js:3:20)
    at Module._compile (module.js:399:26)
    at Object.Module._extensions..js (module.js:406:10)
    at Module.load (module.js:345:32)
    at Function.Module._load (module.js:302:12)
Error: Cannot find module 'serve-index'
    at Function.Module._resolveFilename (module.js:327:15)
    at Function.Module._load (module.js:278:25)
    at Function._load (/usr/local/lib/node_modules/pm2/node_modules/pmx/lib/transaction.js:62:21)
    at Module.require (module.js:355:17)
    at require (internal/module.js:13:17)
    at Object.<anonymous> (/Users/coryjohnson/it410project/static-file-server/index.js:3:20)
    at Module._compile (module.js:399:26)
    at Object.Module._extensions..js (module.js:406:10)
    at Module.load (module.js:345:32)
    at Function.Module._load (module.js:302:12)
Error: Cannot find module 'serve-index'
    at Function.Module._resolveFilename (module.js:327:15)
    at Function.Module._load (module.js:278:25)
    at Function._load (/usr/local/lib/node_modules/pm2/node_modules/pmx/lib/transaction.js:62:21)
    at Module.require (module.js:355:17)
    at require (internal/module.js:13:17)
    at Object.<anonymous> (/Users/coryjohnson/it410project/static-file-server/index.js:3:20)
    at Module._compile (module.js:399:26)
    at Object.Module._extensions..js (module.js:406:10)
    at Module.load (module.js:345:32)
    at Function.Module._load (module.js:302:12)
Error: Cannot find module 'serve-index'
    at Function.Module._resolveFilename (module.js:327:15)
    at Function.Module._load (module.js:278:25)
    at Function._load (/usr/local/lib/node_modules/pm2/node_modules/pmx/lib/transaction.js:62:21)
    at Module.require (module.js:355:17)
    at require (internal/module.js:13:17)
    at Object.<anonymous> (/Users/coryjohnson/it410project/static-file-server/index.js:3:20)
    at Module._compile (module.js:399:26)
    at Object.Module._extensions..js (module.js:406:10)
    at Module.load (module.js:345:32)
    at Function.Module._load (module.js:302:12)
Error: Cannot find module 'serve-index'
    at Function.Module._resolveFilename (module.js:327:15)
    at Function.Module._load (module.js:278:25)
    at Function._load (/usr/local/lib/node_modules/pm2/node_modules/pmx/lib/transaction.js:62:21)
    at Module.require (module.js:355:17)
    at require (internal/module.js:13:17)
    at Object.<anonymous> (/Users/coryjohnson/it410project/static-file-server/index.js:3:20)
    at Module._compile (module.js:399:26)
    at Object.Module._extensions..js (module.js:406:10)
    at Module.load (module.js:345:32)
    at Function.Module._load (module.js:302:12)
Error: Cannot find module 'serve-index'
    at Function.Module._resolveFilename (module.js:327:15)
    at Function.Module._load (module.js:278:25)
    at Function._load (/usr/local/lib/node_modules/pm2/node_modules/pmx/lib/transaction.js:62:21)
    at Module.require (module.js:355:17)
    at require (internal/module.js:13:17)
    at Object.<anonymous> (/Users/coryjohnson/it410project/static-file-server/index.js:3:20)
    at Module._compile (module.js:399:26)
    at Object.Module._extensions..js (module.js:406:10)
    at Module.load (module.js:345:32)
    at Function.Module._load (module.js:302:12)
Error: Cannot find module 'serve-index'
    at Function.Module._resolveFilename (module.js:327:15)
    at Function.Module._load (module.js:278:25)
    at Function._load (/usr/local/lib/node_modules/pm2/node_modules/pmx/lib/transaction.js:62:21)
    at Module.require (module.js:355:17)
    at require (internal/module.js:13:17)
    at Object.<anonymous> (/Users/coryjohnson/it410project/static-file-server/index.js:3:20)
    at Module._compile (module.js:399:26)
    at Object.Module._extensions..js (module.js:406:10)
    at Module.load (module.js:345:32)
    at Function.Module._load (module.js:302:12)
Error: Cannot find module 'serve-index'
    at Function.Module._resolveFilename (module.js:327:15)
    at Function.Module._load (module.js:278:25)
    at Function._load (/usr/local/lib/node_modules/pm2/node_modules/pmx/lib/transaction.js:62:21)
    at Module.require (module.js:355:17)
    at require (internal/module.js:13:17)
    at Object.<anonymous> (/Users/coryjohnson/it410project/static-file-server/index.js:3:20)
    at Module._compile (module.js:399:26)
    at Object.Module._extensions..js (module.js:406:10)
    at Module.load (module.js:345:32)
    at Function.Module._load (module.js:302:12)
Error: Cannot find module 'serve-index'
    at Function.Module._resolveFilename (module.js:327:15)
    at Function.Module._load (module.js:278:25)
    at Function._load (/usr/local/lib/node_modules/pm2/node_modules/pmx/lib/transaction.js:62:21)
    at Module.require (module.js:355:17)
    at require (internal/module.js:13:17)
    at Object.<anonymous> (/Users/coryjohnson/it410project/static-file-server/index.js:3:20)
    at Module._compile (module.js:399:26)
    at Object.Module._extensions..js (module.js:406:10)
    at Module.load (module.js:345:32)
    at Function.Module._load (module.js:302:12)
Error: Cannot find module 'serve-index'
    at Function.Module._resolveFilename (module.js:327:15)
    at Function.Module._load (module.js:278:25)
    at Function._load (/usr/local/lib/node_modules/pm2/node_modules/pmx/lib/transaction.js:62:21)
    at Module.require (module.js:355:17)
    at require (internal/module.js:13:17)
    at Object.<anonymous> (/Users/coryjohnson/it410project/static-file-server/index.js:3:20)
    at Module._compile (module.js:399:26)
    at Object.Module._extensions..js (module.js:406:10)
    at Module.load (module.js:345:32)
    at Function.Module._load (module.js:302:12)
